<?xml version="1.0" encoding="UTF-8"?>
<!-- Generated by org.testng.reporters.JUnitXMLReporter -->
<testsuite ignored="4" hostname="DESKTOP-5TN5CVM" failures="0" tests="2" name="Default test" time="11.358" errors="0" timestamp="2025-04-23T11:33:36 EET">
  <testcase classname="AutomationTestSuite" name="TestCheckbox" time="0.237"/>
  <testcase classname="AutomationTestSuite" name="TestSwitchTab" time="3.701"/>
  <testcase classname="AutomationTestSuite" name="TestDynamicDDL" time="0.0">
    <ignored/>
  </testcase> <!-- TestDynamicDDL -->
  <testcase classname="AutomationTestSuite" name="TestStaticDDL" time="0.0">
    <ignored/>
  </testcase> <!-- TestStaticDDL -->
  <testcase classname="AutomationTestSuite" name="TestSwitchWindow" time="0.0">
    <ignored/>
  </testcase> <!-- TestSwitchWindow -->
  <testcase classname="AutomationTestSuite" name="TestRadioBtnSelection" time="0.0">
    <ignored/>
  </testcase> <!-- TestRadioBtnSelection -->
</testsuite> <!-- Default test -->
