<?xml version="1.0" encoding="UTF-8"?>
<testng-results ignored="0" total="2" passed="2" failed="0" skipped="0">
  <reporter-output>
  </reporter-output>
  <suite started-at="2025-04-22T14:48:12 EET" name="Default suite" finished-at="2025-04-22T14:48:19 EET" duration-ms="7147">
    <groups>
    </groups>
    <test started-at="2025-04-22T14:48:12 EET" name="Default test" finished-at="2025-04-22T14:48:19 EET" duration-ms="7147">
      <class name="AutomationTestSuite">
        <test-method is-config="true" signature="Setup()[pri:0, instance:AutomationTestSuite@299321e2]" started-at="2025-04-22T14:48:12 EET" name="Setup" finished-at="2025-04-22T14:48:18 EET" duration-ms="6181" status="PASS">
          <reporter-output>
          </reporter-output>
        </test-method> <!-- Setup -->
        <test-method signature="TestRadioBtnSelection()[pri:1, instance:AutomationTestSuite@299321e2]" started-at="2025-04-22T14:48:18 EET" name="TestRadioBtnSelection" finished-at="2025-04-22T14:48:19 EET" duration-ms="162" status="PASS">
          <reporter-output>
          </reporter-output>
        </test-method> <!-- TestRadioBtnSelection -->
        <test-method signature="TestDynamicDDL()[pri:2, instance:AutomationTestSuite@299321e2]" started-at="2025-04-22T14:48:19 EET" name="TestDynamicDDL" finished-at="2025-04-22T14:48:19 EET" duration-ms="747" status="PASS">
          <reporter-output>
          </reporter-output>
        </test-method> <!-- TestDynamicDDL -->
        <test-method is-config="true" signature="DoWork()[pri:0, instance:AutomationTestSuite@299321e2]" started-at="2025-04-22T14:48:19 EET" name="DoWork" finished-at="2025-04-22T14:48:19 EET" duration-ms="1" status="PASS">
          <reporter-output>
          </reporter-output>
        </test-method> <!-- DoWork -->
      </class> <!-- AutomationTestSuite -->
    </test> <!-- Default test -->
  </suite> <!-- Default suite -->
</testng-results>
