<?xml version="1.0" encoding="UTF-8"?>
<testng-results ignored="4" total="6" passed="2" failed="0" skipped="0">
  <reporter-output>
  </reporter-output>
  <suite started-at="2025-04-23T11:33:24 EET" name="Default suite" finished-at="2025-04-23T11:33:36 EET" duration-ms="11358">
    <groups>
    </groups>
    <test started-at="2025-04-23T11:33:24 EET" name="Default test" finished-at="2025-04-23T11:33:36 EET" duration-ms="11358">
      <class name="AutomationTestSuite">
        <test-method is-config="true" signature="Setup()[pri:0, instance:AutomationTestSuite@25a6944c]" started-at="2025-04-23T11:33:24 EET" name="Setup" finished-at="2025-04-23T11:33:32 EET" duration-ms="7366" status="PASS">
          <reporter-output>
          </reporter-output>
        </test-method> <!-- Setup -->
        <test-method signature="TestCheckbox()[pri:4, instance:AutomationTestSuite@25a6944c]" started-at="2025-04-23T11:33:32 EET" name="TestCheckbox" finished-at="2025-04-23T11:33:32 EET" duration-ms="237" status="PASS">
          <reporter-output>
          </reporter-output>
        </test-method> <!-- TestCheckbox -->
        <test-method signature="TestSwitchTab()[pri:6, instance:AutomationTestSuite@25a6944c]" started-at="2025-04-23T11:33:32 EET" name="TestSwitchTab" finished-at="2025-04-23T11:33:36 EET" duration-ms="3701" status="PASS">
          <reporter-output>
          </reporter-output>
        </test-method> <!-- TestSwitchTab -->
        <test-method is-config="true" signature="DoWork()[pri:0, instance:AutomationTestSuite@25a6944c]" started-at="2025-04-23T11:33:36 EET" name="DoWork" finished-at="2025-04-23T11:33:36 EET" duration-ms="0" status="PASS">
          <reporter-output>
          </reporter-output>
        </test-method> <!-- DoWork -->
      </class> <!-- AutomationTestSuite -->
    </test> <!-- Default test -->
  </suite> <!-- Default suite -->
</testng-results>
